<!DOCTYPE html>
<html>
<head>
    <title>Unittest Results</title>
    <meta charset="utf-8">
    <meta name="viewport" content="width=device-width, initial-scale=1.0">
    <link rel="stylesheet" href="https://maxcdn.bootstrapcdn.com/bootstrap/3.3.6/css/bootstrap.min.css" integrity="sha384-1q8mTJOASx8j1Au+a5WDVnPi2lkFfwwEAa8hDDdjZlpLegxhjVME1fgjWPGmkzs7" crossorigin="anonymous">
</head>
<body>
    <div class="container">
        <div class="row">
            <div class="col-xs-12">
                <h2 class="text-capitalize">Unittest Results</h2>
                <p class='attribute'><strong>Start Time: </strong>2025-03-11 14:59:42</p>
                <p class='attribute'><strong>Duration: </strong>10.49 s</p>
                <p class='attribute'><strong>Summary: </strong>Total: 1, Pass: 0, Error: 1</p>
            </div>
        </div>
        <div class="row">
            <div class="col-xs-12 col-sm-10 col-md-10">
                <table class='table table-hover table-responsive'>
                    <thead>
                        <tr>
                            <th>__main__.WebTablePage</th>
                            <th>Status</th>
                            <th></th>
                        </tr>
                    </thead>
                    <tbody>
                        <tr class='warning'>
                            <td class="col-xs-10">test_add_row_data_successfully</td>
                            <td class="col-xs-1">
                                <span class="label label-warning" style="display:block;width:40px;">Error</span>
                            </td>
                            <td class="col-xs-1">
                                <button class="btn btn-default btn-xs">View</button>
                            </td>
                        </tr>
                        <tr style="display:none;">
                            <td class="col-xs-9" colspan="3"><p style="color:maroon;">TimeoutException: Message: 
Stacktrace:
	GetHandleVerifier [0x00007FF761B96F15+28773]
	(No symbol) [0x00007FF761B02600]
	(No symbol) [0x00007FF761998FAA]
	(No symbol) [0x00007FF7619EF286]
	(No symbol) [0x00007FF7619EF4BC]
	(No symbol) [0x00007FF761A42A27]
	(No symbol) [0x00007FF761A1728F]
	(No symbol) [0x00007FF761A3F6F3]
	(No symbol) [0x00007FF761A17023]
	(No symbol) [0x00007FF7619DFF5E]
	(No symbol) [0x00007FF7619E11E3]
	GetHandleVerifier [0x00007FF761EE425D+3490733]
	GetHandleVerifier [0x00007FF761EFBA43+3586963]
	GetHandleVerifier [0x00007FF761EF147D+3544525]
	GetHandleVerifier [0x00007FF761C5C9DA+838442]
	(No symbol) [0x00007FF761B0D04F]
	(No symbol) [0x00007FF761B09614]
	(No symbol) [0x00007FF761B097B6]
	(No symbol) [0x00007FF761AF8CE9]
	BaseThreadInitThunk [0x00007FFC1F917034+20]
	RtlUserThreadStart [0x00007FFC200E2651+33]
</p><p style="color:maroon;">Traceback (most recent call last):
  File "E:\kt2\e-commerce-for-test-automation\tests\ddd.py", line 41, in test_add_row_data_successfully
    fulltName = wait.until(EC.presence_of_element_located((By.XPATH, "//input[@id='userName']")))
                ^^^^^^^^^^^^^^^^^^^^^^^^^^^^^^^^^^^^^^^^^^^^^^^^^^^^^^^^^^^^^^^^^^^^^^^^^^^^^^^^^
  File "C:\Users\Administrator\AppData\Local\Programs\Python\Python312\Lib\site-packages\selenium\webdriver\support\wait.py", line 146, in until
    raise TimeoutException(message, screen, stacktrace)
selenium.common.exceptions.TimeoutException: Message: 
Stacktrace:
	GetHandleVerifier [0x00007FF761B96F15+28773]
	(No symbol) [0x00007FF761B02600]
	(No symbol) [0x00007FF761998FAA]
	(No symbol) [0x00007FF7619EF286]
	(No symbol) [0x00007FF7619EF4BC]
	(No symbol) [0x00007FF761A42A27]
	(No symbol) [0x00007FF761A1728F]
	(No symbol) [0x00007FF761A3F6F3]
	(No symbol) [0x00007FF761A17023]
	(No symbol) [0x00007FF7619DFF5E]
	(No symbol) [0x00007FF7619E11E3]
	GetHandleVerifier [0x00007FF761EE425D+3490733]
	GetHandleVerifier [0x00007FF761EFBA43+3586963]
	GetHandleVerifier [0x00007FF761EF147D+3544525]
	GetHandleVerifier [0x00007FF761C5C9DA+838442]
	(No symbol) [0x00007FF761B0D04F]
	(No symbol) [0x00007FF761B09614]
	(No symbol) [0x00007FF761B097B6]
	(No symbol) [0x00007FF761AF8CE9]
	BaseThreadInitThunk [0x00007FFC1F917034+20]
	RtlUserThreadStart [0x00007FFC200E2651+33]

</p>
                            </td>
                        </tr>
                        <tr>
                            <td colspan="3">
                                Total: 1, Pass: 0, Error: 1 -- Duration: 10.49 s
                            </td>
                        </tr>
                    </tbody>
                </table>
            </div>
        </div>
    </div>
    <script src="https://ajax.googleapis.com/ajax/libs/jquery/2.2.4/jquery.min.js"></script>
    <script type="text/javascript">
        $(document).ready(function(){
            $('td').on('click', '.btn', function(e){
                e.preventDefault();
                e.stopImmediatePropagation();
                var $this = $(this);
                var $nextRow = $this.closest('tr').next('tr');
                $nextRow.slideToggle("fast");
                $this.text(function(i, text){
                    if (text === 'View') {
                        return 'Hide';
                    } else {
                        return 'View';
                    };
                });
            });
        });
    </script>
</body>
</html